<?xml version="1.0" encoding="UTF-8"?>
<testsuite name="com.ixaris.twitterlite.test.MessageAdminFacadeImplTest" time="0.215" tests="31" errors="0" skipped="0" failures="0">
  <properties>
[...]
</properties>
  <testcase name="testLookUpByMentioningUserNegative" classname="com.ixaris.twitterlite.test.MessageAdminFacadeImplTest" time="0.154"/>
  <testcase name="testLookUpByMentioningUserNull" classname="com.ixaris.twitterlite.test.MessageAdminFacadeImplTest" time="0"/>
  <testcase name="testLookUpByMentioningUserZero" classname="com.ixaris.twitterlite.test.MessageAdminFacadeImplTest" time="0.001"/>
  <testcase name="testLookUpByHashTagEs" classname="com.ixaris.twitterlite.test.MessageAdminFacadeImplTest" time="0.002"/>
  <testcase name="testAddMessageSuccess" classname="com.ixaris.twitterlite.test.MessageAdminFacadeImplTest" time="0.009"/>
  <testcase name="testCountMessageCorrectUsername" classname="com.ixaris.twitterlite.test.MessageAdminFacadeImplTest" time="0.016"/>
  <testcase name="testLookupMessageNegative" classname="com.ixaris.twitterlite.test.MessageAdminFacadeImplTest" time="0.001"/>
  <testcase name="testAddMessageES" classname="com.ixaris.twitterlite.test.MessageAdminFacadeImplTest" time="0.005"/>
  <testcase name="testLookUpByHashTagNull" classname="com.ixaris.twitterlite.test.MessageAdminFacadeImplTest" time="0"/>
  <testcase name="testLookUpByHashTagZero" classname="com.ixaris.twitterlite.test.MessageAdminFacadeImplTest" time="0"/>
  <testcase name="testLookUpByHashTagNegative2" classname="com.ixaris.twitterlite.test.MessageAdminFacadeImplTest" time="0"/>
  <testcase name="testLookupMessageNegative2" classname="com.ixaris.twitterlite.test.MessageAdminFacadeImplTest" time="0"/>
  <testcase name="testLookUpByHashTagNegative" classname="com.ixaris.twitterlite.test.MessageAdminFacadeImplTest" time="0"/>
  <testcase name="testHashParsingNotOk" classname="com.ixaris.twitterlite.test.MessageAdminFacadeImplTest" time="0.001"/>
  <testcase name="testAddMessageES3" classname="com.ixaris.twitterlite.test.MessageAdminFacadeImplTest" time="0.001"/>
  <testcase name="testAddMessageES4" classname="com.ixaris.twitterlite.test.MessageAdminFacadeImplTest" time="0.002"/>
  <testcase name="testHashMentionsOk" classname="com.ixaris.twitterlite.test.MessageAdminFacadeImplTest" time="0.001"/>
  <testcase name="testAddMessageNull2" classname="com.ixaris.twitterlite.test.MessageAdminFacadeImplTest" time="0.001"/>
  <testcase name="testAddMessageNull3" classname="com.ixaris.twitterlite.test.MessageAdminFacadeImplTest" time="0.001"/>
  <testcase name="testAddMessageNulls" classname="com.ixaris.twitterlite.test.MessageAdminFacadeImplTest" time="0.001"/>
  <testcase name="testLookUpByMentioningUserEs" classname="com.ixaris.twitterlite.test.MessageAdminFacadeImplTest" time="0.001"/>
  <testcase name="testLookUpByMentioningUserOK" classname="com.ixaris.twitterlite.test.MessageAdminFacadeImplTest" time="0.001"/>
  <testcase name="testLookupMessageZero2" classname="com.ixaris.twitterlite.test.MessageAdminFacadeImplTest" time="0.001"/>
  <testcase name="testAddMessageSuccess2" classname="com.ixaris.twitterlite.test.MessageAdminFacadeImplTest" time="0.007"/>
  <testcase name="testLookUpMessageSuccess" classname="com.ixaris.twitterlite.test.MessageAdminFacadeImplTest" time="0.001"/>
  <testcase name="testLookupMessageZero" classname="com.ixaris.twitterlite.test.MessageAdminFacadeImplTest" time="0.001"/>
  <testcase name="testAddMessageDbFail" classname="com.ixaris.twitterlite.test.MessageAdminFacadeImplTest" time="0.003"/>
  <testcase name="testLookUpByMentioningUserNegative2" classname="com.ixaris.twitterlite.test.MessageAdminFacadeImplTest" time="0.001"/>
  <testcase name="testCountMessageEmptyString" classname="com.ixaris.twitterlite.test.MessageAdminFacadeImplTest" time="0.001"/>
  <testcase name="testCountMessageNullUsername" classname="com.ixaris.twitterlite.test.MessageAdminFacadeImplTest" time="0.001"/>
  <testcase name="testHashParsingOk" classname="com.ixaris.twitterlite.test.MessageAdminFacadeImplTest" time="0.001"/>
</testsuite>